3
26
0.500000 0.499937 0.436506 
0.499981 0.500000 0.190394 
0.121687 0.500000 0.499822 
0.470401 0.500000 0.496586 
0.499687 0.242300 0.500000 
0.500000 -0.327988 0.499947 
0.492198 0.500000 0.491981 
0.499218 0.500000 0.477600 
0.500000 0.493274 0.463404 
0.499278 0.365574 0.500000 
0.499515 0.356663 0.500000 
0.486595 0.500000 0.494900 
0.162700 0.499981 0.500000 
0.498905 0.500000 0.081715 
0.500000 0.499579 0.425111 
0.493138 0.500000 0.474774 
0.500000 0.340662 0.499749 
0.500000 0.499813 0.365390 
0.500000 0.499281 0.407500 
0.317755 0.499811 0.500000 
0.140983 0.499915 0.500000 
0.497203 0.499326 0.500000 
0.499874 0.500000 0.027181 
0.499266 0.156900 0.500000 
0.497894 0.500000 0.488570 
